=== Job 228 started at Fri Nov 14 17:19:02 UTC 2025 on gpu-workers-0 ===
=== Running: flwr run . cluster-gpu ===
Loading project configuration... 
Success
[92mINFO [0m:      Device: AMD Instinct MI300X VF
[92mINFO [0m:      W&B disabled (credentials not provided). Set WANDB_API_KEY, WANDB_ENTITY, and WANDB_PROJECT to enable.
[92mINFO [0m:      Starting HackathonFedAvg strategy:
[92mINFO [0m:      	â”œâ”€â”€ Number of rounds: 100
[92mINFO [0m:      	â”œâ”€â”€ ArrayRecord (15.49 MB)
[92mINFO [0m:      	â”œâ”€â”€ ConfigRecord (train): {'lr': 0.01}
[92mINFO [0m:      	â”œâ”€â”€ ConfigRecord (evaluate): (empty!)
[92mINFO [0m:      	â”œâ”€â”€> Sampling:
[92mINFO [0m:      	â”‚	â”œâ”€â”€Fraction: train (1.00) | evaluate ( 1.00)
[92mINFO [0m:      	â”‚	â”œâ”€â”€Minimum nodes: train (2) | evaluate (2)
[92mINFO [0m:      	â”‚	â””â”€â”€Minimum available nodes: 2
[92mINFO [0m:      	â””â”€â”€> Keys in records:
[92mINFO [0m:      		â”œâ”€â”€ Weighted by: 'num-examples'
[92mINFO [0m:      		â”œâ”€â”€ ArrayRecord key: 'arrays'
[92mINFO [0m:      		â””â”€â”€ ConfigRecord key: 'config'
[92mINFO [0m:      
[92mINFO [0m:      
[92mINFO [0m:      [ROUND 1/100]
[92mINFO [0m:      configure_train: Sampled 3 nodes (out of 3)
[91mERROR [0m:     An exception was raised when processing a message by RayBackend
[91mERROR [0m:     [36mray::ClientAppActor.run()[39m (pid=1087603, ip=10.244.0.128, actor_id=d0b0b0059d11c39f118224cf01000000, repr=<flwr.simulation.ray_transport.ray_actor.ClientAppActor object at 0x718e9a21efc0>)
                  ^^^^^^^^^^^^^^^^^^^^^^^^^^^^^^^^^^^^^
  File "/scratch/hackathon-venv/lib/python3.12/site-packages/flwr/clientapp/client_app.py", line 161, in __call__
    return self._registered_funcs[full_name](message, context)
           ^^^^^^^^^^^^^^^^^^^^^^^^^^^^^^^^^^^^^^^^^^^^^^^^^^^
  File "/scratch/team04/228/repo/cold_start_hackathon/client_app.py", line 28, in train
    trainloader = load_data(dataset_name, "train", image_size=image_size)
                  ^^^^^^^^^^^^^^^^^^^^^^^^^^^^^^^^^^^^^^^^^^^^^^^^^^^^^^^
  File "/scratch/team04/228/repo/cold_start_hackathon/task.py", line 87, in load_data
    full_dataset = load_from_disk(dataset_path)
                   ^^^^^^^^^^^^^^^^^^^^^^^^^^^^
  File "/scratch/hackathon-venv/lib/python3.12/site-packages/datasets/load.py", line 2216, in load_from_disk
    return DatasetDict.load_from_disk(dataset_path, keep_in_memory=keep_in_memory, storage_options=storage_options)
           ^^^^^^^^^^^^^^^^^^^^^^^^^^^^^^^^^^^^^^^^^^^^^^^^^^^^^^^^^^^^^^^^^^^^^^^^^^^^^^^^^^^^^^^^^^^^^^^^^^^^^^^^
  File "/scratch/hackathon-venv/lib/python3.12/site-packages/datasets/dataset_dict.py", line 1345, in load_from_disk
    dataset_dict[k] = Dataset.load_from_disk(
                      ^^^^^^^^^^^^^^^^^^^^^^^
  File "/scratch/hackathon-venv/lib/python3.12/site-packages/datasets/arrow_dataset.py", line 1687, in load_from_disk
    dataset_info = DatasetInfo.from_dict(json.load(dataset_info_file))
                   ^^^^^^^^^^^^^^^^^^^^^^^^^^^^^^^^^^^^^^^^^^^^^^^^^^^
  File "/scratch/hackathon-venv/lib/python3.12/site-packages/datasets/info.py", line 284, in from_dict
    return cls(**{k: v for k, v in dataset_info_dict.items() if k in field_names})
           ^^^^^^^^^^^^^^^^^^^^^^^^^^^^^^^^^^^^^^^^^^^^^^^^^^^^^^^^^^^^^^^^^^^^^^^
  File "<string>", line 20, in __init__
  File "/scratch/hackathon-venv/lib/python3.12/site-packages/datasets/info.py", line 170, in __post_init__
    self.features = Features.from_dict(self.features)
                    ^^^^^^^^^^^^^^^^^^^^^^^^^^^^^^^^^
  File "/scratch/hackathon-venv/lib/python3.12/site-packages/datasets/features/features.py", line 1832, in from_dict
    obj = generate_from_dict(dic)
          ^^^^^^^^^^^^^^^^^^^^^^^
  File "/scratch/hackathon-venv/lib/python3.12/site-packages/datasets/features/features.py", line 1458, in generate_from_dict
    return {key: generate_from_dict(value) for key, value in obj.items()}
                 ^^^^^^^^^^^^^^^^^^^^^^^^^
  File "/scratch/hackathon-venv/lib/python3.12/site-packages/datasets/features/features.py", line 1473, in generate_from_dict
    field_names = {f.name for f in fields(class_type)}
                                   ^^^^^^^^^^^^^^^^^^
  File "/usr/lib/python3.12/dataclasses.py", line 1282, in fields
    raise TypeError('must be called with a dataclass type or instance') from None
TypeError: must be called with a dataclass type or instance

The above exception was the direct cause of the following exception:

[36mray::ClientAppActor.run()[39m (pid=1087603, ip=10.244.0.128, actor_id=d0b0b0059d11c39f118224cf01000000, repr=<flwr.simulation.ray_transport.ray_actor.ClientAppActor object at 0x718e9a21efc0>)
           ^^^^^^^^^^^^^^^^^^^^^^^^^^^^^^^^^^^^
           ^^^^^^^^^^^^^^^^^^^^^^^^^^^^^^^
  File "/scratch/hackathon-venv/lib/python3.12/site-packages/flwr/simulation/ray_transport/ray_actor.py", line 64, in run
    raise ClientAppException(str(ex)) from ex
flwr.clientapp.client_app.ClientAppException: 
Exception ClientAppException occurred. Message: must be called with a dataclass type or instance
[91mERROR [0m:     Traceback (most recent call last):
  File "/scratch/hackathon-venv/lib/python3.12/site-packages/flwr/server/superlink/fleet/vce/vce_api.py", line 124, in worker
    out_mssg, updated_context = backend.process_message(message, context)
                                ^^^^^^^^^^^^^^^^^^^^^^^^^^^^^^^^^^^^^^^^^
  File "/scratch/hackathon-venv/lib/python3.12/site-packages/flwr/server/superlink/fleet/vce/backend/raybackend.py", line 189, in process_message
    raise ex
  File "/scratch/hackathon-venv/lib/python3.12/site-packages/flwr/server/superlink/fleet/vce/backend/raybackend.py", line 176, in process_message
    ) = self.pool.fetch_result_and_return_actor_to_pool(future)
        ^^^^^^^^^^^^^^^^^^^^^^^^^^^^^^^^^^^^^^^^^^^^^^^^^^^^^^^
  File "/scratch/hackathon-venv/lib/python3.12/site-packages/flwr/simulation/ray_transport/ray_actor.py", line 480, in fetch_result_and_return_actor_to_pool
    _, out_mssg, updated_context = ray.get(future)
                                   ^^^^^^^^^^^^^^^
  File "/scratch/hackathon-venv/lib/python3.12/site-packages/ray/_private/auto_init_hook.py", line 21, in auto_init_wrapper
    return fn(*args, **kwargs)
           ^^^^^^^^^^^^^^^^^^^
  File "/scratch/hackathon-venv/lib/python3.12/site-packages/ray/_private/client_mode_hook.py", line 103, in wrapper
    return func(*args, **kwargs)
           ^^^^^^^^^^^^^^^^^^^^^
  File "/scratch/hackathon-venv/lib/python3.12/site-packages/ray/_private/worker.py", line 2639, in get
    values, debugger_breakpoint = worker.get_objects(object_refs, timeout=timeout)
                                  ^^^^^^^^^^^^^^^^^^^^^^^^^^^^^^^^^^^^^^^^^^^^^^^^
  File "/scratch/hackathon-venv/lib/python3.12/site-packages/ray/_private/worker.py", line 864, in get_objects
    raise value.as_instanceof_cause()
ray.exceptions.RayTaskError(ClientAppException): [36mray::ClientAppActor.run()[39m (pid=1087603, ip=10.244.0.128, actor_id=d0b0b0059d11c39f118224cf01000000, repr=<flwr.simulation.ray_transport.ray_actor.ClientAppActor object at 0x718e9a21efc0>)
                  ^^^^^^^^^^^^^^^^^^^^^^^^^^^^^^^^^^^^^
  File "/scratch/hackathon-venv/lib/python3.12/site-packages/flwr/clientapp/client_app.py", line 161, in __call__
    return self._registered_funcs[full_name](message, context)
           ^^^^^^^^^^^^^^^^^^^^^^^^^^^^^^^^^^^^^^^^^^^^^^^^^^^
  File "/scratch/team04/228/repo/cold_start_hackathon/client_app.py", line 28, in train
    trainloader = load_data(dataset_name, "train", image_size=image_size)
                  ^^^^^^^^^^^^^^^^^^^^^^^^^^^^^^^^^^^^^^^^^^^^^^^^^^^^^^^
  File "/scratch/team04/228/repo/cold_start_hackathon/task.py", line 87, in load_data
    full_dataset = load_from_disk(dataset_path)
                   ^^^^^^^^^^^^^^^^^^^^^^^^^^^^
  File "/scratch/hackathon-venv/lib/python3.12/site-packages/datasets/load.py", line 2216, in load_from_disk
    return DatasetDict.load_from_disk(dataset_path, keep_in_memory=keep_in_memory, storage_options=storage_options)
           ^^^^^^^^^^^^^^^^^^^^^^^^^^^^^^^^^^^^^^^^^^^^^^^^^^^^^^^^^^^^^^^^^^^^^^^^^^^^^^^^^^^^^^^^^^^^^^^^^^^^^^^^
  File "/scratch/hackathon-venv/lib/python3.12/site-packages/datasets/dataset_dict.py", line 1345, in load_from_disk
    dataset_dict[k] = Dataset.load_from_disk(
                      ^^^^^^^^^^^^^^^^^^^^^^^
  File "/scratch/hackathon-venv/lib/python3.12/site-packages/datasets/arrow_dataset.py", line 1687, in load_from_disk
    dataset_info = DatasetInfo.from_dict(json.load(dataset_info_file))
                   ^^^^^^^^^^^^^^^^^^^^^^^^^^^^^^^^^^^^^^^^^^^^^^^^^^^
  File "/scratch/hackathon-venv/lib/python3.12/site-packages/datasets/info.py", line 284, in from_dict
    return cls(**{k: v for k, v in dataset_info_dict.items() if k in field_names})
           ^^^^^^^^^^^^^^^^^^^^^^^^^^^^^^^^^^^^^^^^^^^^^^^^^^^^^^^^^^^^^^^^^^^^^^^
  File "<string>", line 20, in __init__
  File "/scratch/hackathon-venv/lib/python3.12/site-packages/datasets/info.py", line 170, in __post_init__
    self.features = Features.from_dict(self.features)
                    ^^^^^^^^^^^^^^^^^^^^^^^^^^^^^^^^^
  File "/scratch/hackathon-venv/lib/python3.12/site-packages/datasets/features/features.py", line 1832, in from_dict
    obj = generate_from_dict(dic)
          ^^^^^^^^^^^^^^^^^^^^^^^
  File "/scratch/hackathon-venv/lib/python3.12/site-packages/datasets/features/features.py", line 1458, in generate_from_dict
    return {key: generate_from_dict(value) for key, value in obj.items()}
                 ^^^^^^^^^^^^^^^^^^^^^^^^^
  File "/scratch/hackathon-venv/lib/python3.12/site-packages/datasets/features/features.py", line 1473, in generate_from_dict
    field_names = {f.name for f in fields(class_type)}
                                   ^^^^^^^^^^^^^^^^^^
  File "/usr/lib/python3.12/dataclasses.py", line 1282, in fields
    raise TypeError('must be called with a dataclass type or instance') from None
TypeError: must be called with a dataclass type or instance

The above exception was the direct cause of the following exception:

[36mray::ClientAppActor.run()[39m (pid=1087603, ip=10.244.0.128, actor_id=d0b0b0059d11c39f118224cf01000000, repr=<flwr.simulation.ray_transport.ray_actor.ClientAppActor object at 0x718e9a21efc0>)
           ^^^^^^^^^^^^^^^^^^^^^^^^^^^^^^^^^^^^
           ^^^^^^^^^^^^^^^^^^^^^^^^^^^^^^^
  File "/scratch/hackathon-venv/lib/python3.12/site-packages/flwr/simulation/ray_transport/ray_actor.py", line 64, in run
    raise ClientAppException(str(ex)) from ex
flwr.clientapp.client_app.ClientAppException: 
Exception ClientAppException occurred. Message: must be called with a dataclass type or instance

[91mERROR [0m:     An exception was raised when processing a message by RayBackend
[91mERROR [0m:     [36mray::ClientAppActor.run()[39m (pid=1087605, ip=10.244.0.128, actor_id=149ca8773a5c6fece2e9050901000000, repr=<flwr.simulation.ray_transport.ray_actor.ClientAppActor object at 0x7f4da43ab1a0>)
                  ^^^^^^^^^^^^^^^^^^^^^^^^^^^^^^^^^^^^^
  File "/scratch/hackathon-venv/lib/python3.12/site-packages/flwr/clientapp/client_app.py", line 161, in __call__
    return self._registered_funcs[full_name](message, context)
           ^^^^^^^^^^^^^^^^^^^^^^^^^^^^^^^^^^^^^^^^^^^^^^^^^^^
  File "/scratch/team04/228/repo/cold_start_hackathon/client_app.py", line 28, in train
    trainloader = load_data(dataset_name, "train", image_size=image_size)
                  ^^^^^^^^^^^^^^^^^^^^^^^^^^^^^^^^^^^^^^^^^^^^^^^^^^^^^^^
  File "/scratch/team04/228/repo/cold_start_hackathon/task.py", line 87, in load_data
    full_dataset = load_from_disk(dataset_path)
                   ^^^^^^^^^^^^^^^^^^^^^^^^^^^^
  File "/scratch/hackathon-venv/lib/python3.12/site-packages/datasets/load.py", line 2216, in load_from_disk
    return DatasetDict.load_from_disk(dataset_path, keep_in_memory=keep_in_memory, storage_options=storage_options)
           ^^^^^^^^^^^^^^^^^^^^^^^^^^^^^^^^^^^^^^^^^^^^^^^^^^^^^^^^^^^^^^^^^^^^^^^^^^^^^^^^^^^^^^^^^^^^^^^^^^^^^^^^
  File "/scratch/hackathon-venv/lib/python3.12/site-packages/datasets/dataset_dict.py", line 1345, in load_from_disk
    dataset_dict[k] = Dataset.load_from_disk(
                      ^^^^^^^^^^^^^^^^^^^^^^^
  File "/scratch/hackathon-venv/lib/python3.12/site-packages/datasets/arrow_dataset.py", line 1687, in load_from_disk
    dataset_info = DatasetInfo.from_dict(json.load(dataset_info_file))
                   ^^^^^^^^^^^^^^^^^^^^^^^^^^^^^^^^^^^^^^^^^^^^^^^^^^^
  File "/scratch/hackathon-venv/lib/python3.12/site-packages/datasets/info.py", line 284, in from_dict
    return cls(**{k: v for k, v in dataset_info_dict.items() if k in field_names})
           ^^^^^^^^^^^^^^^^^^^^^^^^^^^^^^^^^^^^^^^^^^^^^^^^^^^^^^^^^^^^^^^^^^^^^^^
  File "<string>", line 20, in __init__
  File "/scratch/hackathon-venv/lib/python3.12/site-packages/datasets/info.py", line 170, in __post_init__
    self.features = Features.from_dict(self.features)
                    ^^^^^^^^^^^^^^^^^^^^^^^^^^^^^^^^^
  File "/scratch/hackathon-venv/lib/python3.12/site-packages/datasets/features/features.py", line 1832, in from_dict
    obj = generate_from_dict(dic)
          ^^^^^^^^^^^^^^^^^^^^^^^
  File "/scratch/hackathon-venv/lib/python3.12/site-packages/datasets/features/features.py", line 1458, in generate_from_dict
    return {key: generate_from_dict(value) for key, value in obj.items()}
                 ^^^^^^^^^^^^^^^^^^^^^^^^^
  File "/scratch/hackathon-venv/lib/python3.12/site-packages/datasets/features/features.py", line 1473, in generate_from_dict
    field_names = {f.name for f in fields(class_type)}
                                   ^^^^^^^^^^^^^^^^^^
  File "/usr/lib/python3.12/dataclasses.py", line 1282, in fields
    raise TypeError('must be called with a dataclass type or instance') from None
TypeError: must be called with a dataclass type or instance

The above exception was the direct cause of the following exception:

[36mray::ClientAppActor.run()[39m (pid=1087605, ip=10.244.0.128, actor_id=149ca8773a5c6fece2e9050901000000, repr=<flwr.simulation.ray_transport.ray_actor.ClientAppActor object at 0x7f4da43ab1a0>)
           ^^^^^^^^^^^^^^^^^^^^^^^^^^^^^^^^^^^^
           ^^^^^^^^^^^^^^^^^^^^^^^^^^^^^^^
  File "/scratch/hackathon-venv/lib/python3.12/site-packages/flwr/simulation/ray_transport/ray_actor.py", line 64, in run
    raise ClientAppException(str(ex)) from ex
flwr.clientapp.client_app.ClientAppException: 
Exception ClientAppException occurred. Message: must be called with a dataclass type or instance
[91mERROR [0m:     Traceback (most recent call last):
  File "/scratch/hackathon-venv/lib/python3.12/site-packages/flwr/server/superlink/fleet/vce/vce_api.py", line 124, in worker
    out_mssg, updated_context = backend.process_message(message, context)
                                ^^^^^^^^^^^^^^^^^^^^^^^^^^^^^^^^^^^^^^^^^
  File "/scratch/hackathon-venv/lib/python3.12/site-packages/flwr/server/superlink/fleet/vce/backend/raybackend.py", line 189, in process_message
    raise ex
  File "/scratch/hackathon-venv/lib/python3.12/site-packages/flwr/server/superlink/fleet/vce/backend/raybackend.py", line 176, in process_message
    ) = self.pool.fetch_result_and_return_actor_to_pool(future)
        ^^^^^^^^^^^^^^^^^^^^^^^^^^^^^^^^^^^^^^^^^^^^^^^^^^^^^^^
  File "/scratch/hackathon-venv/lib/python3.12/site-packages/flwr/simulation/ray_transport/ray_actor.py", line 480, in fetch_result_and_return_actor_to_pool
    _, out_mssg, updated_context = ray.get(future)
                                   ^^^^^^^^^^^^^^^
  File "/scratch/hackathon-venv/lib/python3.12/site-packages/ray/_private/auto_init_hook.py", line 21, in auto_init_wrapper
    return fn(*args, **kwargs)
           ^^^^^^^^^^^^^^^^^^^
  File "/scratch/hackathon-venv/lib/python3.12/site-packages/ray/_private/client_mode_hook.py", line 103, in wrapper
    return func(*args, **kwargs)
           ^^^^^^^^^^^^^^^^^^^^^
  File "/scratch/hackathon-venv/lib/python3.12/site-packages/ray/_private/worker.py", line 2639, in get
    values, debugger_breakpoint = worker.get_objects(object_refs, timeout=timeout)
                                  ^^^^^^^^^^^^^^^^^^^^^^^^^^^^^^^^^^^^^^^^^^^^^^^^
  File "/scratch/hackathon-venv/lib/python3.12/site-packages/ray/_private/worker.py", line 864, in get_objects
    raise value.as_instanceof_cause()
ray.exceptions.RayTaskError(ClientAppException): [36mray::ClientAppActor.run()[39m (pid=1087605, ip=10.244.0.128, actor_id=149ca8773a5c6fece2e9050901000000, repr=<flwr.simulation.ray_transport.ray_actor.ClientAppActor object at 0x7f4da43ab1a0>)
                  ^^^^^^^^^^^^^^^^^^^^^^^^^^^^^^^^^^^^^
  File "/scratch/hackathon-venv/lib/python3.12/site-packages/flwr/clientapp/client_app.py", line 161, in __call__
    return self._registered_funcs[full_name](message, context)
           ^^^^^^^^^^^^^^^^^^^^^^^^^^^^^^^^^^^^^^^^^^^^^^^^^^^
  File "/scratch/team04/228/repo/cold_start_hackathon/client_app.py", line 28, in train
    trainloader = load_data(dataset_name, "train", image_size=image_size)
                  ^^^^^^^^^^^^^^^^^^^^^^^^^^^^^^^^^^^^^^^^^^^^^^^^^^^^^^^
  File "/scratch/team04/228/repo/cold_start_hackathon/task.py", line 87, in load_data
    full_dataset = load_from_disk(dataset_path)
                   ^^^^^^^^^^^^^^^^^^^^^^^^^^^^
  File "/scratch/hackathon-venv/lib/python3.12/site-packages/datasets/load.py", line 2216, in load_from_disk
    return DatasetDict.load_from_disk(dataset_path, keep_in_memory=keep_in_memory, storage_options=storage_options)
           ^^^^^^^^^^^^^^^^^^^^^^^^^^^^^^^^^^^^^^^^^^^^^^^^^^^^^^^^^^^^^^^^^^^^^^^^^^^^^^^^^^^^^^^^^^^^^^^^^^^^^^^^
  File "/scratch/hackathon-venv/lib/python3.12/site-packages/datasets/dataset_dict.py", line 1345, in load_from_disk
    dataset_dict[k] = Dataset.load_from_disk(
                      ^^^^^^^^^^^^^^^^^^^^^^^
  File "/scratch/hackathon-venv/lib/python3.12/site-packages/datasets/arrow_dataset.py", line 1687, in load_from_disk
    dataset_info = DatasetInfo.from_dict(json.load(dataset_info_file))
                   ^^^^^^^^^^^^^^^^^^^^^^^^^^^^^^^^^^^^^^^^^^^^^^^^^^^
  File "/scratch/hackathon-venv/lib/python3.12/site-packages/datasets/info.py", line 284, in from_dict
    return cls(**{k: v for k, v in dataset_info_dict.items() if k in field_names})
           ^^^^^^^^^^^^^^^^^^^^^^^^^^^^^^^^^^^^^^^^^^^^^^^^^^^^^^^^^^^^^^^^^^^^^^^
  File "<string>", line 20, in __init__
  File "/scratch/hackathon-venv/lib/python3.12/site-packages/datasets/info.py", line 170, in __post_init__
    self.features = Features.from_dict(self.features)
                    ^^^^^^^^^^^^^^^^^^^^^^^^^^^^^^^^^
  File "/scratch/hackathon-venv/lib/python3.12/site-packages/datasets/features/features.py", line 1832, in from_dict
    obj = generate_from_dict(dic)
          ^^^^^^^^^^^^^^^^^^^^^^^
  File "/scratch/hackathon-venv/lib/python3.12/site-packages/datasets/features/features.py", line 1458, in generate_from_dict
    return {key: generate_from_dict(value) for key, value in obj.items()}
                 ^^^^^^^^^^^^^^^^^^^^^^^^^
  File "/scratch/hackathon-venv/lib/python3.12/site-packages/datasets/features/features.py", line 1473, in generate_from_dict
    field_names = {f.name for f in fields(class_type)}
                                   ^^^^^^^^^^^^^^^^^^
  File "/usr/lib/python3.12/dataclasses.py", line 1282, in fields
    raise TypeError('must be called with a dataclass type or instance') from None
TypeError: must be called with a dataclass type or instance

The above exception was the direct cause of the following exception:

[36mray::ClientAppActor.run()[39m (pid=1087605, ip=10.244.0.128, actor_id=149ca8773a5c6fece2e9050901000000, repr=<flwr.simulation.ray_transport.ray_actor.ClientAppActor object at 0x7f4da43ab1a0>)
           ^^^^^^^^^^^^^^^^^^^^^^^^^^^^^^^^^^^^
           ^^^^^^^^^^^^^^^^^^^^^^^^^^^^^^^
  File "/scratch/hackathon-venv/lib/python3.12/site-packages/flwr/simulation/ray_transport/ray_actor.py", line 64, in run
    raise ClientAppException(str(ex)) from ex
flwr.clientapp.client_app.ClientAppException: 
Exception ClientAppException occurred. Message: must be called with a dataclass type or instance

[91mERROR [0m:     An exception was raised when processing a message by RayBackend
[91mERROR [0m:     [36mray::ClientAppActor.run()[39m (pid=1087604, ip=10.244.0.128, actor_id=0af489b8e3ea452ea5a7cda501000000, repr=<flwr.simulation.ray_transport.ray_actor.ClientAppActor object at 0x742af4799eb0>)
                  ^^^^^^^^^^^^^^^^^^^^^^^^^^^^^^^^^^^^^
  File "/scratch/hackathon-venv/lib/python3.12/site-packages/flwr/clientapp/client_app.py", line 161, in __call__
    return self._registered_funcs[full_name](message, context)
           ^^^^^^^^^^^^^^^^^^^^^^^^^^^^^^^^^^^^^^^^^^^^^^^^^^^
  File "/scratch/team04/228/repo/cold_start_hackathon/client_app.py", line 28, in train
    trainloader = load_data(dataset_name, "train", image_size=image_size)
                  ^^^^^^^^^^^^^^^^^^^^^^^^^^^^^^^^^^^^^^^^^^^^^^^^^^^^^^^
  File "/scratch/team04/228/repo/cold_start_hackathon/task.py", line 87, in load_data
    full_dataset = load_from_disk(dataset_path)
                   ^^^^^^^^^^^^^^^^^^^^^^^^^^^^
  File "/scratch/hackathon-venv/lib/python3.12/site-packages/datasets/load.py", line 2216, in load_from_disk
    return DatasetDict.load_from_disk(dataset_path, keep_in_memory=keep_in_memory, storage_options=storage_options)
           ^^^^^^^^^^^^^^^^^^^^^^^^^^^^^^^^^^^^^^^^^^^^^^^^^^^^^^^^^^^^^^^^^^^^^^^^^^^^^^^^^^^^^^^^^^^^^^^^^^^^^^^^
  File "/scratch/hackathon-venv/lib/python3.12/site-packages/datasets/dataset_dict.py", line 1345, in load_from_disk
    dataset_dict[k] = Dataset.load_from_disk(
                      ^^^^^^^^^^^^^^^^^^^^^^^
  File "/scratch/hackathon-venv/lib/python3.12/site-packages/datasets/arrow_dataset.py", line 1687, in load_from_disk
    dataset_info = DatasetInfo.from_dict(json.load(dataset_info_file))
                   ^^^^^^^^^^^^^^^^^^^^^^^^^^^^^^^^^^^^^^^^^^^^^^^^^^^
  File "/scratch/hackathon-venv/lib/python3.12/site-packages/datasets/info.py", line 284, in from_dict
    return cls(**{k: v for k, v in dataset_info_dict.items() if k in field_names})
           ^^^^^^^^^^^^^^^^^^^^^^^^^^^^^^^^^^^^^^^^^^^^^^^^^^^^^^^^^^^^^^^^^^^^^^^
  File "<string>", line 20, in __init__
  File "/scratch/hackathon-venv/lib/python3.12/site-packages/datasets/info.py", line 170, in __post_init__
    self.features = Features.from_dict(self.features)
                    ^^^^^^^^^^^^^^^^^^^^^^^^^^^^^^^^^
  File "/scratch/hackathon-venv/lib/python3.12/site-packages/datasets/features/features.py", line 1832, in from_dict
    obj = generate_from_dict(dic)
          ^^^^^^^^^^^^^^^^^^^^^^^
  File "/scratch/hackathon-venv/lib/python3.12/site-packages/datasets/features/features.py", line 1458, in generate_from_dict
    return {key: generate_from_dict(value) for key, value in obj.items()}
                 ^^^^^^^^^^^^^^^^^^^^^^^^^
  File "/scratch/hackathon-venv/lib/python3.12/site-packages/datasets/features/features.py", line 1473, in generate_from_dict
    field_names = {f.name for f in fields(class_type)}
                                   ^^^^^^^^^^^^^^^^^^
  File "/usr/lib/python3.12/dataclasses.py", line 1282, in fields
    raise TypeError('must be called with a dataclass type or instance') from None
TypeError: must be called with a dataclass type or instance

The above exception was the direct cause of the following exception:

[36mray::ClientAppActor.run()[39m (pid=1087604, ip=10.244.0.128, actor_id=0af489b8e3ea452ea5a7cda501000000, repr=<flwr.simulation.ray_transport.ray_actor.ClientAppActor object at 0x742af4799eb0>)
           ^^^^^^^^^^^^^^^^^^^^^^^^^^^^^^^^^^^^
           ^^^^^^^^^^^^^^^^^^^^^^^^^^^^^^^
  File "/scratch/hackathon-venv/lib/python3.12/site-packages/flwr/simulation/ray_transport/ray_actor.py", line 64, in run
    raise ClientAppException(str(ex)) from ex
flwr.clientapp.client_app.ClientAppException: 
Exception ClientAppException occurred. Message: must be called with a dataclass type or instance
[91mERROR [0m:     Traceback (most recent call last):
  File "/scratch/hackathon-venv/lib/python3.12/site-packages/flwr/server/superlink/fleet/vce/vce_api.py", line 124, in worker
    out_mssg, updated_context = backend.process_message(message, context)
                                ^^^^^^^^^^^^^^^^^^^^^^^^^^^^^^^^^^^^^^^^^
  File "/scratch/hackathon-venv/lib/python3.12/site-packages/flwr/server/superlink/fleet/vce/backend/raybackend.py", line 189, in process_message
    raise ex
  File "/scratch/hackathon-venv/lib/python3.12/site-packages/flwr/server/superlink/fleet/vce/backend/raybackend.py", line 176, in process_message
    ) = self.pool.fetch_result_and_return_actor_to_pool(future)
        ^^^^^^^^^^^^^^^^^^^^^^^^^^^^^^^^^^^^^^^^^^^^^^^^^^^^^^^
  File "/scratch/hackathon-venv/lib/python3.12/site-packages/flwr/simulation/ray_transport/ray_actor.py", line 480, in fetch_result_and_return_actor_to_pool
    _, out_mssg, updated_context = ray.get(future)
                                   ^^^^^^^^^^^^^^^
  File "/scratch/hackathon-venv/lib/python3.12/site-packages/ray/_private/auto_init_hook.py", line 21, in auto_init_wrapper
    return fn(*args, **kwargs)
           ^^^^^^^^^^^^^^^^^^^
  File "/scratch/hackathon-venv/lib/python3.12/site-packages/ray/_private/client_mode_hook.py", line 103, in wrapper
    return func(*args, **kwargs)
           ^^^^^^^^^^^^^^^^^^^^^
  File "/scratch/hackathon-venv/lib/python3.12/site-packages/ray/_private/worker.py", line 2639, in get
    values, debugger_breakpoint = worker.get_objects(object_refs, timeout=timeout)
                                  ^^^^^^^^^^^^^^^^^^^^^^^^^^^^^^^^^^^^^^^^^^^^^^^^
  File "/scratch/hackathon-venv/lib/python3.12/site-packages/ray/_private/worker.py", line 864, in get_objects
    raise value.as_instanceof_cause()
ray.exceptions.RayTaskError(ClientAppException): [36mray::ClientAppActor.run()[39m (pid=1087604, ip=10.244.0.128, actor_id=0af489b8e3ea452ea5a7cda501000000, repr=<flwr.simulation.ray_transport.ray_actor.ClientAppActor object at 0x742af4799eb0>)
                  ^^^^^^^^^^^^^^^^^^^^^^^^^^^^^^^^^^^^^
  File "/scratch/hackathon-venv/lib/python3.12/site-packages/flwr/clientapp/client_app.py", line 161, in __call__
    return self._registered_funcs[full_name](message, context)
           ^^^^^^^^^^^^^^^^^^^^^^^^^^^^^^^^^^^^^^^^^^^^^^^^^^^
  File "/scratch/team04/228/repo/cold_start_hackathon/client_app.py", line 28, in train
    trainloader = load_data(dataset_name, "train", image_size=image_size)
                  ^^^^^^^^^^^^^^^^^^^^^^^^^^^^^^^^^^^^^^^^^^^^^^^^^^^^^^^
  File "/scratch/team04/228/repo/cold_start_hackathon/task.py", line 87, in load_data
    full_dataset = load_from_disk(dataset_path)
                   ^^^^^^^^^^^^^^^^^^^^^^^^^^^^
  File "/scratch/hackathon-venv/lib/python3.12/site-packages/datasets/load.py", line 2216, in load_from_disk
    return DatasetDict.load_from_disk(dataset_path, keep_in_memory=keep_in_memory, storage_options=storage_options)
           ^^^^^^^^^^^^^^^^^^^^^^^^^^^^^^^^^^^^^^^^^^^^^^^^^^^^^^^^^^^^^^^^^^^^^^^^^^^^^^^^^^^^^^^^^^^^^^^^^^^^^^^^
  File "/scratch/hackathon-venv/lib/python3.12/site-packages/datasets/dataset_dict.py", line 1345, in load_from_disk
    dataset_dict[k] = Dataset.load_from_disk(
                      ^^^^^^^^^^^^^^^^^^^^^^^
  File "/scratch/hackathon-venv/lib/python3.12/site-packages/datasets/arrow_dataset.py", line 1687, in load_from_disk
    dataset_info = DatasetInfo.from_dict(json.load(dataset_info_file))
                   ^^^^^^^^^^^^^^^^^^^^^^^^^^^^^^^^^^^^^^^^^^^^^^^^^^^
  File "/scratch/hackathon-venv/lib/python3.12/site-packages/datasets/info.py", line 284, in from_dict
    return cls(**{k: v for k, v in dataset_info_dict.items() if k in field_names})
           ^^^^^^^^^^^^^^^^^^^^^^^^^^^^^^^^^^^^^^^^^^^^^^^^^^^^^^^^^^^^^^^^^^^^^^^
  File "<string>", line 20, in __init__
  File "/scratch/hackathon-venv/lib/python3.12/site-packages/datasets/info.py", line 170, in __post_init__
    self.features = Features.from_dict(self.features)
                    ^^^^^^^^^^^^^^^^^^^^^^^^^^^^^^^^^
  File "/scratch/hackathon-venv/lib/python3.12/site-packages/datasets/features/features.py", line 1832, in from_dict
    obj = generate_from_dict(dic)
          ^^^^^^^^^^^^^^^^^^^^^^^
  File "/scratch/hackathon-venv/lib/python3.12/site-packages/datasets/features/features.py", line 1458, in generate_from_dict
    return {key: generate_from_dict(value) for key, value in obj.items()}
                 ^^^^^^^^^^^^^^^^^^^^^^^^^
  File "/scratch/hackathon-venv/lib/python3.12/site-packages/datasets/features/features.py", line 1473, in generate_from_dict
    field_names = {f.name for f in fields(class_type)}
                                   ^^^^^^^^^^^^^^^^^^
  File "/usr/lib/python3.12/dataclasses.py", line 1282, in fields
    raise TypeError('must be called with a dataclass type or instance') from None
TypeError: must be called with a dataclass type or instance

The above exception was the direct cause of the following exception:

[36mray::ClientAppActor.run()[39m (pid=1087604, ip=10.244.0.128, actor_id=0af489b8e3ea452ea5a7cda501000000, repr=<flwr.simulation.ray_transport.ray_actor.ClientAppActor object at 0x742af4799eb0>)
           ^^^^^^^^^^^^^^^^^^^^^^^^^^^^^^^^^^^^
           ^^^^^^^^^^^^^^^^^^^^^^^^^^^^^^^
  File "/scratch/hackathon-venv/lib/python3.12/site-packages/flwr/simulation/ray_transport/ray_actor.py", line 64, in run
    raise ClientAppException(str(ex)) from ex
flwr.clientapp.client_app.ClientAppException: 
Exception ClientAppException occurred. Message: must be called with a dataclass type or instance

[92mINFO [0m:      aggregate_train: Received 0 results and 3 failures
[92mINFO [0m:      	> Received error in reply from node 13004778590122923454: <class 'ray.exceptions.RayTaskError(ClientAppException)'>:<'[36mray::ClientAppActor.run()[39m (pid=1087603, ip=10.244.0.128, actor_id=d0b0b0059d11c39f118224cf01000000, repr=<flwr.simulation.ray_transport.ray_actor.ClientAppActor object at 0x718e9a21efc0>)
                  ^^^^^^^^^^^^^^^^^^^^^^^^^^^^^^^^^^^^^
  File "/scratch/hackathon-venv/lib/python3.12/site-packages/flwr/clientapp/client_app.py", line 161, in __call__
    return self._registered_funcs[full_name](message, context)
           ^^^^^^^^^^^^^^^^^^^^^^^^^^^^^^^^^^^^^^^^^^^^^^^^^^^
  File "/scratch/team04/228/repo/cold_start_hackathon/client_app.py", line 28, in train
    trainloader = load_data(dataset_name, "train", image_size=image_size)
                  ^^^^^^^^^^^^^^^^^^^^^^^^^^^^^^^^^^^^^^^^^^^^^^^^^^^^^^^
  File "/scratch/team04/228/repo/cold_start_hackathon/task.py", line 87, in load_data
    full_dataset = load_from_disk(dataset_path)
                   ^^^^^^^^^^^^^^^^^^^^^^^^^^^^
  File "/scratch/hackathon-venv/lib/python3.12/site-packages/datasets/load.py", line 2216, in load_from_disk
    return DatasetDict.load_from_disk(dataset_path, keep_in_memory=keep_in_memory, storage_options=storage_options)
           ^^^^^^^^^^^^^^^^^^^^^^^^^^^^^^^^^^^^^^^^^^^^^^^^^^^^^^^^^^^^^^^^^^^^^^^^^^^^^^^^^^^^^^^^^^^^^^^^^^^^^^^^
  File "/scratch/hackathon-venv/lib/python3.12/site-packages/datasets/dataset_dict.py", line 1345, in load_from_disk
    dataset_dict[k] = Dataset.load_from_disk(
                      ^^^^^^^^^^^^^^^^^^^^^^^
  File "/scratch/hackathon-venv/lib/python3.12/site-packages/datasets/arrow_dataset.py", line 1687, in load_from_disk
    dataset_info = DatasetInfo.from_dict(json.load(dataset_info_file))
                   ^^^^^^^^^^^^^^^^^^^^^^^^^^^^^^^^^^^^^^^^^^^^^^^^^^^
  File "/scratch/hackathon-venv/lib/python3.12/site-packages/datasets/info.py", line 284, in from_dict
    return cls(**{k: v for k, v in dataset_info_dict.items() if k in field_names})
           ^^^^^^^^^^^^^^^^^^^^^^^^^^^^^^^^^^^^^^^^^^^^^^^^^^^^^^^^^^^^^^^^^^^^^^^
  File "<string>", line 20, in __init__
  File "/scratch/hackathon-venv/lib/python3.12/site-packages/datasets/info.py", line 170, in __post_init__
    self.features = Features.from_dict(self.features)
                    ^^^^^^^^^^^^^^^^^^^^^^^^^^^^^^^^^
  File "/scratch/hackathon-venv/lib/python3.12/site-packages/datasets/features/features.py", line 1832, in from_dict
    obj = generate_from_dict(dic)
          ^^^^^^^^^^^^^^^^^^^^^^^
  File "/scratch/hackathon-venv/lib/python3.12/site-packages/datasets/features/features.py", line 1458, in generate_from_dict
    return {key: generate_from_dict(value) for key, value in obj.items()}
                 ^^^^^^^^^^^^^^^^^^^^^^^^^
  File "/scratch/hackathon-venv/lib/python3.12/site-packages/datasets/features/features.py", line 1473, in generate_from_dict
    field_names = {f.name for f in fields(class_type)}
                                   ^^^^^^^^^^^^^^^^^^
  File "/usr/lib/python3.12/dataclasses.py", line 1282, in fields
    raise TypeError('must be called with a dataclass type or instance') from None
TypeError: must be called with a dataclass type or instance

The above exception was the direct cause of the following exception:

[36mray::ClientAppActor.run()[39m (pid=1087603, ip=10.244.0.128, actor_id=d0b0b0059d11c39f118224cf01000000, repr=<flwr.simulation.ray_transport.ray_actor.ClientAppActor object at 0x718e9a21efc0>)
           ^^^^^^^^^^^^^^^^^^^^^^^^^^^^^^^^^^^^
           ^^^^^^^^^^^^^^^^^^^^^^^^^^^^^^^
  File "/scratch/hackathon-venv/lib/python3.12/site-packages/flwr/simulation/ray_transport/ray_actor.py", line 64, in run
    raise ClientAppException(str(ex)) from ex
flwr.clientapp.client_app.ClientAppException: 
Exception ClientAppException occurred. Message: must be called with a dataclass type or instance'>
[92mINFO [0m:      	> Received error in reply from node 5377095854647271651: <class 'ray.exceptions.RayTaskError(ClientAppException)'>:<'[36mray::ClientAppActor.run()[39m (pid=1087604, ip=10.244.0.128, actor_id=0af489b8e3ea452ea5a7cda501000000, repr=<flwr.simulation.ray_transport.ray_actor.ClientAppActor object at 0x742af4799eb0>)
                  ^^^^^^^^^^^^^^^^^^^^^^^^^^^^^^^^^^^^^
  File "/scratch/hackathon-venv/lib/python3.12/site-packages/flwr/clientapp/client_app.py", line 161, in __call__
    return self._registered_funcs[full_name](message, context)
           ^^^^^^^^^^^^^^^^^^^^^^^^^^^^^^^^^^^^^^^^^^^^^^^^^^^
  File "/scratch/team04/228/repo/cold_start_hackathon/client_app.py", line 28, in train
    trainloader = load_data(dataset_name, "train", image_size=image_size)
                  ^^^^^^^^^^^^^^^^^^^^^^^^^^^^^^^^^^^^^^^^^^^^^^^^^^^^^^^
  File "/scratch/team04/228/repo/cold_start_hackathon/task.py", line 87, in load_data
    full_dataset = load_from_disk(dataset_path)
                   ^^^^^^^^^^^^^^^^^^^^^^^^^^^^
  File "/scratch/hackathon-venv/lib/python3.12/site-packages/datasets/load.py", line 2216, in load_from_disk
    return DatasetDict.load_from_disk(dataset_path, keep_in_memory=keep_in_memory, storage_options=storage_options)
           ^^^^^^^^^^^^^^^^^^^^^^^^^^^^^^^^^^^^^^^^^^^^^^^^^^^^^^^^^^^^^^^^^^^^^^^^^^^^^^^^^^^^^^^^^^^^^^^^^^^^^^^^
  File "/scratch/hackathon-venv/lib/python3.12/site-packages/datasets/dataset_dict.py", line 1345, in load_from_disk
    dataset_dict[k] = Dataset.load_from_disk(
                      ^^^^^^^^^^^^^^^^^^^^^^^
  File "/scratch/hackathon-venv/lib/python3.12/site-packages/datasets/arrow_dataset.py", line 1687, in load_from_disk
    dataset_info = DatasetInfo.from_dict(json.load(dataset_info_file))
                   ^^^^^^^^^^^^^^^^^^^^^^^^^^^^^^^^^^^^^^^^^^^^^^^^^^^
  File "/scratch/hackathon-venv/lib/python3.12/site-packages/datasets/info.py", line 284, in from_dict
    return cls(**{k: v for k, v in dataset_info_dict.items() if k in field_names})
           ^^^^^^^^^^^^^^^^^^^^^^^^^^^^^^^^^^^^^^^^^^^^^^^^^^^^^^^^^^^^^^^^^^^^^^^
  File "<string>", line 20, in __init__
  File "/scratch/hackathon-venv/lib/python3.12/site-packages/datasets/info.py", line 170, in __post_init__
    self.features = Features.from_dict(self.features)
                    ^^^^^^^^^^^^^^^^^^^^^^^^^^^^^^^^^
  File "/scratch/hackathon-venv/lib/python3.12/site-packages/datasets/features/features.py", line 1832, in from_dict
    obj = generate_from_dict(dic)
          ^^^^^^^^^^^^^^^^^^^^^^^
  File "/scratch/hackathon-venv/lib/python3.12/site-packages/datasets/features/features.py", line 1458, in generate_from_dict
    return {key: generate_from_dict(value) for key, value in obj.items()}
                 ^^^^^^^^^^^^^^^^^^^^^^^^^
  File "/scratch/hackathon-venv/lib/python3.12/site-packages/datasets/features/features.py", line 1473, in generate_from_dict
    field_names = {f.name for f in fields(class_type)}
                                   ^^^^^^^^^^^^^^^^^^
  File "/usr/lib/python3.12/dataclasses.py", line 1282, in fields
    raise TypeError('must be called with a dataclass type or instance') from None
TypeError: must be called with a dataclass type or instance

The above exception was the direct cause of the following exception:

[36mray::ClientAppActor.run()[39m (pid=1087604, ip=10.244.0.128, actor_id=0af489b8e3ea452ea5a7cda501000000, repr=<flwr.simulation.ray_transport.ray_actor.ClientAppActor object at 0x742af4799eb0>)
           ^^^^^^^^^^^^^^^^^^^^^^^^^^^^^^^^^^^^
           ^^^^^^^^^^^^^^^^^^^^^^^^^^^^^^^
  File "/scratch/hackathon-venv/lib/python3.12/site-packages/flwr/simulation/ray_transport/ray_actor.py", line 64, in run
    raise ClientAppException(str(ex)) from ex
flwr.clientapp.client_app.ClientAppException: 
Exception ClientAppException occurred. Message: must be called with a dataclass type or instance'>
[92mINFO [0m:      	> Received error in reply from node 4419530158518664745: <class 'ray.exceptions.RayTaskError(ClientAppException)'>:<'[36mray::ClientAppActor.run()[39m (pid=1087605, ip=10.244.0.128, actor_id=149ca8773a5c6fece2e9050901000000, repr=<flwr.simulation.ray_transport.ray_actor.ClientAppActor object at 0x7f4da43ab1a0>)
                  ^^^^^^^^^^^^^^^^^^^^^^^^^^^^^^^^^^^^^
  File "/scratch/hackathon-venv/lib/python3.12/site-packages/flwr/clientapp/client_app.py", line 161, in __call__
    return self._registered_funcs[full_name](message, context)
           ^^^^^^^^^^^^^^^^^^^^^^^^^^^^^^^^^^^^^^^^^^^^^^^^^^^
  File "/scratch/team04/228/repo/cold_start_hackathon/client_app.py", line 28, in train
    trainloader = load_data(dataset_name, "train", image_size=image_size)
                  ^^^^^^^^^^^^^^^^^^^^^^^^^^^^^^^^^^^^^^^^^^^^^^^^^^^^^^^
  File "/scratch/team04/228/repo/cold_start_hackathon/task.py", line 87, in load_data
    full_dataset = load_from_disk(dataset_path)
                   ^^^^^^^^^^^^^^^^^^^^^^^^^^^^
  File "/scratch/hackathon-venv/lib/python3.12/site-packages/datasets/load.py", line 2216, in load_from_disk
    return DatasetDict.load_from_disk(dataset_path, keep_in_memory=keep_in_memory, storage_options=storage_options)
           ^^^^^^^^^^^^^^^^^^^^^^^^^^^^^^^^^^^^^^^^^^^^^^^^^^^^^^^^^^^^^^^^^^^^^^^^^^^^^^^^^^^^^^^^^^^^^^^^^^^^^^^^
  File "/scratch/hackathon-venv/lib/python3.12/site-packages/datasets/dataset_dict.py", line 1345, in load_from_disk
    dataset_dict[k] = Dataset.load_from_disk(
                      ^^^^^^^^^^^^^^^^^^^^^^^
  File "/scratch/hackathon-venv/lib/python3.12/site-packages/datasets/arrow_dataset.py", line 1687, in load_from_disk
    dataset_info = DatasetInfo.from_dict(json.load(dataset_info_file))
                   ^^^^^^^^^^^^^^^^^^^^^^^^^^^^^^^^^^^^^^^^^^^^^^^^^^^
  File "/scratch/hackathon-venv/lib/python3.12/site-packages/datasets/info.py", line 284, in from_dict
    return cls(**{k: v for k, v in dataset_info_dict.items() if k in field_names})
           ^^^^^^^^^^^^^^^^^^^^^^^^^^^^^^^^^^^^^^^^^^^^^^^^^^^^^^^^^^^^^^^^^^^^^^^
  File "<string>", line 20, in __init__
  File "/scratch/hackathon-venv/lib/python3.12/site-packages/datasets/info.py", line 170, in __post_init__
    self.features = Features.from_dict(self.features)
                    ^^^^^^^^^^^^^^^^^^^^^^^^^^^^^^^^^
  File "/scratch/hackathon-venv/lib/python3.12/site-packages/datasets/features/features.py", line 1832, in from_dict
    obj = generate_from_dict(dic)
          ^^^^^^^^^^^^^^^^^^^^^^^
  File "/scratch/hackathon-venv/lib/python3.12/site-packages/datasets/features/features.py", line 1458, in generate_from_dict
    return {key: generate_from_dict(value) for key, value in obj.items()}
                 ^^^^^^^^^^^^^^^^^^^^^^^^^
  File "/scratch/hackathon-venv/lib/python3.12/site-packages/datasets/features/features.py", line 1473, in generate_from_dict
    field_names = {f.name for f in fields(class_type)}
                                   ^^^^^^^^^^^^^^^^^^
  File "/usr/lib/python3.12/dataclasses.py", line 1282, in fields
    raise TypeError('must be called with a dataclass type or instance') from None
TypeError: must be called with a dataclass type or instance

The above exception was the direct cause of the following exception:

[36mray::ClientAppActor.run()[39m (pid=1087605, ip=10.244.0.128, actor_id=149ca8773a5c6fece2e9050901000000, repr=<flwr.simulation.ray_transport.ray_actor.ClientAppActor object at 0x7f4da43ab1a0>)
           ^^^^^^^^^^^^^^^^^^^^^^^^^^^^^^^^^^^^
           ^^^^^^^^^^^^^^^^^^^^^^^^^^^^^^^
  File "/scratch/hackathon-venv/lib/python3.12/site-packages/flwr/simulation/ray_transport/ray_actor.py", line 64, in run
    raise ClientAppException(str(ex)) from ex
flwr.clientapp.client_app.ClientAppException: 
Exception ClientAppException occurred. Message: must be called with a dataclass type or instance'>
[92mINFO [0m:      configure_evaluate: Sampled 3 nodes (out of 3)
[91mERROR [0m:     An exception was raised when processing a message by RayBackend
[91mERROR [0m:     [36mray::ClientAppActor.run()[39m (pid=1087603, ip=10.244.0.128, actor_id=d0b0b0059d11c39f118224cf01000000, repr=<flwr.simulation.ray_transport.ray_actor.ClientAppActor object at 0x718e9a21efc0>)
                  ^^^^^^^^^^^^^^^^^^^^^^^^^^^^^^^^^^^^^
  File "/scratch/hackathon-venv/lib/python3.12/site-packages/flwr/clientapp/client_app.py", line 161, in __call__
    return self._registered_funcs[full_name](message, context)
           ^^^^^^^^^^^^^^^^^^^^^^^^^^^^^^^^^^^^^^^^^^^^^^^^^^^
  File "/scratch/team04/228/repo/cold_start_hackathon/client_app.py", line 62, in evaluate
    valloader = load_data(dataset_name, "eval", image_size=image_size)
                ^^^^^^^^^^^^^^^^^^^^^^^^^^^^^^^^^^^^^^^^^^^^^^^^^^^^^^
  File "/scratch/team04/228/repo/cold_start_hackathon/task.py", line 87, in load_data
    full_dataset = load_from_disk(dataset_path)
                   ^^^^^^^^^^^^^^^^^^^^^^^^^^^^
  File "/scratch/hackathon-venv/lib/python3.12/site-packages/datasets/load.py", line 2216, in load_from_disk
    return DatasetDict.load_from_disk(dataset_path, keep_in_memory=keep_in_memory, storage_options=storage_options)
           ^^^^^^^^^^^^^^^^^^^^^^^^^^^^^^^^^^^^^^^^^^^^^^^^^^^^^^^^^^^^^^^^^^^^^^^^^^^^^^^^^^^^^^^^^^^^^^^^^^^^^^^^
  File "/scratch/hackathon-venv/lib/python3.12/site-packages/datasets/dataset_dict.py", line 1345, in load_from_disk
    dataset_dict[k] = Dataset.load_from_disk(
                      ^^^^^^^^^^^^^^^^^^^^^^^
  File "/scratch/hackathon-venv/lib/python3.12/site-packages/datasets/arrow_dataset.py", line 1687, in load_from_disk
    dataset_info = DatasetInfo.from_dict(json.load(dataset_info_file))
                   ^^^^^^^^^^^^^^^^^^^^^^^^^^^^^^^^^^^^^^^^^^^^^^^^^^^
  File "/scratch/hackathon-venv/lib/python3.12/site-packages/datasets/info.py", line 284, in from_dict
    return cls(**{k: v for k, v in dataset_info_dict.items() if k in field_names})
           ^^^^^^^^^^^^^^^^^^^^^^^^^^^^^^^^^^^^^^^^^^^^^^^^^^^^^^^^^^^^^^^^^^^^^^^
  File "<string>", line 20, in __init__
  File "/scratch/hackathon-venv/lib/python3.12/site-packages/datasets/info.py", line 170, in __post_init__
    self.features = Features.from_dict(self.features)
                    ^^^^^^^^^^^^^^^^^^^^^^^^^^^^^^^^^
  File "/scratch/hackathon-venv/lib/python3.12/site-packages/datasets/features/features.py", line 1832, in from_dict
    obj = generate_from_dict(dic)
          ^^^^^^^^^^^^^^^^^^^^^^^
  File "/scratch/hackathon-venv/lib/python3.12/site-packages/datasets/features/features.py", line 1458, in generate_from_dict
    return {key: generate_from_dict(value) for key, value in obj.items()}
                 ^^^^^^^^^^^^^^^^^^^^^^^^^
  File "/scratch/hackathon-venv/lib/python3.12/site-packages/datasets/features/features.py", line 1473, in generate_from_dict
    field_names = {f.name for f in fields(class_type)}
                                   ^^^^^^^^^^^^^^^^^^
  File "/usr/lib/python3.12/dataclasses.py", line 1282, in fields
    raise TypeError('must be called with a dataclass type or instance') from None
TypeError: must be called with a dataclass type or instance

The above exception was the direct cause of the following exception:

[36mray::ClientAppActor.run()[39m (pid=1087603, ip=10.244.0.128, actor_id=d0b0b0059d11c39f118224cf01000000, repr=<flwr.simulation.ray_transport.ray_actor.ClientAppActor object at 0x718e9a21efc0>)
           ^^^^^^^^^^^^^^^^^^^^^^^^^^^^^^^^^^^^
           ^^^^^^^^^^^^^^^^^^^^^^^^^^^^^^^
  File "/scratch/hackathon-venv/lib/python3.12/site-packages/flwr/simulation/ray_transport/ray_actor.py", line 64, in run
    raise ClientAppException(str(ex)) from ex
flwr.clientapp.client_app.ClientAppException: 
Exception ClientAppException occurred. Message: must be called with a dataclass type or instance
[91mERROR [0m:     Traceback (most recent call last):
  File "/scratch/hackathon-venv/lib/python3.12/site-packages/flwr/server/superlink/fleet/vce/vce_api.py", line 124, in worker
    out_mssg, updated_context = backend.process_message(message, context)
                                ^^^^^^^^^^^^^^^^^^^^^^^^^^^^^^^^^^^^^^^^^
  File "/scratch/hackathon-venv/lib/python3.12/site-packages/flwr/server/superlink/fleet/vce/backend/raybackend.py", line 189, in process_message
    raise ex
  File "/scratch/hackathon-venv/lib/python3.12/site-packages/flwr/server/superlink/fleet/vce/backend/raybackend.py", line 176, in process_message
    ) = self.pool.fetch_result_and_return_actor_to_pool(future)
        ^^^^^^^^^^^^^^^^^^^^^^^^^^^^^^^^^^^^^^^^^^^^^^^^^^^^^^^
  File "/scratch/hackathon-venv/lib/python3.12/site-packages/flwr/simulation/ray_transport/ray_actor.py", line 480, in fetch_result_and_return_actor_to_pool
    _, out_mssg, updated_context = ray.get(future)
                                   ^^^^^^^^^^^^^^^
  File "/scratch/hackathon-venv/lib/python3.12/site-packages/ray/_private/auto_init_hook.py", line 21, in auto_init_wrapper
    return fn(*args, **kwargs)
           ^^^^^^^^^^^^^^^^^^^
  File "/scratch/hackathon-venv/lib/python3.12/site-packages/ray/_private/client_mode_hook.py", line 103, in wrapper
    return func(*args, **kwargs)
           ^^^^^^^^^^^^^^^^^^^^^
  File "/scratch/hackathon-venv/lib/python3.12/site-packages/ray/_private/worker.py", line 2639, in get
    values, debugger_breakpoint = worker.get_objects(object_refs, timeout=timeout)
                                  ^^^^^^^^^^^^^^^^^^^^^^^^^^^^^^^^^^^^^^^^^^^^^^^^
  File "/scratch/hackathon-venv/lib/python3.12/site-packages/ray/_private/worker.py", line 864, in get_objects
    raise value.as_instanceof_cause()
ray.exceptions.RayTaskError(ClientAppException): [36mray::ClientAppActor.run()[39m (pid=1087603, ip=10.244.0.128, actor_id=d0b0b0059d11c39f118224cf01000000, repr=<flwr.simulation.ray_transport.ray_actor.ClientAppActor object at 0x718e9a21efc0>)
                  ^^^^^^^^^^^^^^^^^^^^^^^^^^^^^^^^^^^^^
  File "/scratch/hackathon-venv/lib/python3.12/site-packages/flwr/clientapp/client_app.py", line 161, in __call__
    return self._registered_funcs[full_name](message, context)
           ^^^^^^^^^^^^^^^^^^^^^^^^^^^^^^^^^^^^^^^^^^^^^^^^^^^
  File "/scratch/team04/228/repo/cold_start_hackathon/client_app.py", line 62, in evaluate
    valloader = load_data(dataset_name, "eval", image_size=image_size)
                ^^^^^^^^^^^^^^^^^^^^^^^^^^^^^^^^^^^^^^^^^^^^^^^^^^^^^^
  File "/scratch/team04/228/repo/cold_start_hackathon/task.py", line 87, in load_data
    full_dataset = load_from_disk(dataset_path)
                   ^^^^^^^^^^^^^^^^^^^^^^^^^^^^
  File "/scratch/hackathon-venv/lib/python3.12/site-packages/datasets/load.py", line 2216, in load_from_disk
    return DatasetDict.load_from_disk(dataset_path, keep_in_memory=keep_in_memory, storage_options=storage_options)
           ^^^^^^^^^^^^^^^^^^^^^^^^^^^^^^^^^^^^^^^^^^^^^^^^^^^^^^^^^^^^^^^^^^^^^^^^^^^^^^^^^^^^^^^^^^^^^^^^^^^^^^^^
  File "/scratch/hackathon-venv/lib/python3.12/site-packages/datasets/dataset_dict.py", line 1345, in load_from_disk
    dataset_dict[k] = Dataset.load_from_disk(
                      ^^^^^^^^^^^^^^^^^^^^^^^
  File "/scratch/hackathon-venv/lib/python3.12/site-packages/datasets/arrow_dataset.py", line 1687, in load_from_disk
    dataset_info = DatasetInfo.from_dict(json.load(dataset_info_file))
                   ^^^^^^^^^^^^^^^^^^^^^^^^^^^^^^^^^^^^^^^^^^^^^^^^^^^
  File "/scratch/hackathon-venv/lib/python3.12/site-packages/datasets/info.py", line 284, in from_dict
    return cls(**{k: v for k, v in dataset_info_dict.items() if k in field_names})
           ^^^^^^^^^^^^^^^^^^^^^^^^^^^^^^^^^^^^^^^^^^^^^^^^^^^^^^^^^^^^^^^^^^^^^^^
  File "<string>", line 20, in __init__
  File "/scratch/hackathon-venv/lib/python3.12/site-packages/datasets/info.py", line 170, in __post_init__
    self.features = Features.from_dict(self.features)
                    ^^^^^^^^^^^^^^^^^^^^^^^^^^^^^^^^^
  File "/scratch/hackathon-venv/lib/python3.12/site-packages/datasets/features/features.py", line 1832, in from_dict
    obj = generate_from_dict(dic)
          ^^^^^^^^^^^^^^^^^^^^^^^
  File "/scratch/hackathon-venv/lib/python3.12/site-packages/datasets/features/features.py", line 1458, in generate_from_dict
    return {key: generate_from_dict(value) for key, value in obj.items()}
                 ^^^^^^^^^^^^^^^^^^^^^^^^^
  File "/scratch/hackathon-venv/lib/python3.12/site-packages/datasets/features/features.py", line 1473, in generate_from_dict
    field_names = {f.name for f in fields(class_type)}
                                   ^^^^^^^^^^^^^^^^^^
  File "/usr/lib/python3.12/dataclasses.py", line 1282, in fields
    raise TypeError('must be called with a dataclass type or instance') from None
TypeError: must be called with a dataclass type or instance

The above exception was the direct cause of the following exception:

[36mray::ClientAppActor.run()[39m (pid=1087603, ip=10.244.0.128, actor_id=d0b0b0059d11c39f118224cf01000000, repr=<flwr.simulation.ray_transport.ray_actor.ClientAppActor object at 0x718e9a21efc0>)
           ^^^^^^^^^^^^^^^^^^^^^^^^^^^^^^^^^^^^
           ^^^^^^^^^^^^^^^^^^^^^^^^^^^^^^^
  File "/scratch/hackathon-venv/lib/python3.12/site-packages/flwr/simulation/ray_transport/ray_actor.py", line 64, in run
    raise ClientAppException(str(ex)) from ex
flwr.clientapp.client_app.ClientAppException: 
Exception ClientAppException occurred. Message: must be called with a dataclass type or instance

[91mERROR [0m:     An exception was raised when processing a message by RayBackend
[91mERROR [0m:     [36mray::ClientAppActor.run()[39m (pid=1087604, ip=10.244.0.128, actor_id=0af489b8e3ea452ea5a7cda501000000, repr=<flwr.simulation.ray_transport.ray_actor.ClientAppActor object at 0x742af4799eb0>)
                  ^^^^^^^^^^^^^^^^^^^^^^^^^^^^^^^^^^^^^
  File "/scratch/hackathon-venv/lib/python3.12/site-packages/flwr/clientapp/client_app.py", line 161, in __call__
    return self._registered_funcs[full_name](message, context)
           ^^^^^^^^^^^^^^^^^^^^^^^^^^^^^^^^^^^^^^^^^^^^^^^^^^^
  File "/scratch/team04/228/repo/cold_start_hackathon/client_app.py", line 62, in evaluate
    valloader = load_data(dataset_name, "eval", image_size=image_size)
                ^^^^^^^^^^^^^^^^^^^^^^^^^^^^^^^^^^^^^^^^^^^^^^^^^^^^^^
  File "/scratch/team04/228/repo/cold_start_hackathon/task.py", line 87, in load_data
    full_dataset = load_from_disk(dataset_path)
                   ^^^^^^^^^^^^^^^^^^^^^^^^^^^^
  File "/scratch/hackathon-venv/lib/python3.12/site-packages/datasets/load.py", line 2216, in load_from_disk
    return DatasetDict.load_from_disk(dataset_path, keep_in_memory=keep_in_memory, storage_options=storage_options)
           ^^^^^^^^^^^^^^^^^^^^^^^^^^^^^^^^^^^^^^^^^^^^^^^^^^^^^^^^^^^^^^^^^^^^^^^^^^^^^^^^^^^^^^^^^^^^^^^^^^^^^^^^
  File "/scratch/hackathon-venv/lib/python3.12/site-packages/datasets/dataset_dict.py", line 1345, in load_from_disk
    dataset_dict[k] = Dataset.load_from_disk(
                      ^^^^^^^^^^^^^^^^^^^^^^^
  File "/scratch/hackathon-venv/lib/python3.12/site-packages/datasets/arrow_dataset.py", line 1687, in load_from_disk
    dataset_info = DatasetInfo.from_dict(json.load(dataset_info_file))
                   ^^^^^^^^^^^^^^^^^^^^^^^^^^^^^^^^^^^^^^^^^^^^^^^^^^^
  File "/scratch/hackathon-venv/lib/python3.12/site-packages/datasets/info.py", line 284, in from_dict
    return cls(**{k: v for k, v in dataset_info_dict.items() if k in field_names})
           ^^^^^^^^^^^^^^^^^^^^^^^^^^^^^^^^^^^^^^^^^^^^^^^^^^^^^^^^^^^^^^^^^^^^^^^
  File "<string>", line 20, in __init__
  File "/scratch/hackathon-venv/lib/python3.12/site-packages/datasets/info.py", line 170, in __post_init__
    self.features = Features.from_dict(self.features)
                    ^^^^^^^^^^^^^^^^^^^^^^^^^^^^^^^^^
  File "/scratch/hackathon-venv/lib/python3.12/site-packages/datasets/features/features.py", line 1832, in from_dict
    obj = generate_from_dict(dic)
          ^^^^^^^^^^^^^^^^^^^^^^^
  File "/scratch/hackathon-venv/lib/python3.12/site-packages/datasets/features/features.py", line 1458, in generate_from_dict
    return {key: generate_from_dict(value) for key, value in obj.items()}
                 ^^^^^^^^^^^^^^^^^^^^^^^^^
  File "/scratch/hackathon-venv/lib/python3.12/site-packages/datasets/features/features.py", line 1473, in generate_from_dict
    field_names = {f.name for f in fields(class_type)}
                                   ^^^^^^^^^^^^^^^^^^
  File "/usr/lib/python3.12/dataclasses.py", line 1282, in fields
    raise TypeError('must be called with a dataclass type or instance') from None
TypeError: must be called with a dataclass type or instance

The above exception was the direct cause of the following exception:

[36mray::ClientAppActor.run()[39m (pid=1087604, ip=10.244.0.128, actor_id=0af489b8e3ea452ea5a7cda501000000, repr=<flwr.simulation.ray_transport.ray_actor.ClientAppActor object at 0x742af4799eb0>)
           ^^^^^^^^^^^^^^^^^^^^^^^^^^^^^^^^^^^^
           ^^^^^^^^^^^^^^^^^^^^^^^^^^^^^^^
  File "/scratch/hackathon-venv/lib/python3.12/site-packages/flwr/simulation/ray_transport/ray_actor.py", line 64, in run
    raise ClientAppException(str(ex)) from ex
flwr.clientapp.client_app.ClientAppException: 
Exception ClientAppException occurred. Message: must be called with a dataclass type or instance
[91mERROR [0m:     Traceback (most recent call last):
  File "/scratch/hackathon-venv/lib/python3.12/site-packages/flwr/server/superlink/fleet/vce/vce_api.py", line 124, in worker
    out_mssg, updated_context = backend.process_message(message, context)
                                ^^^^^^^^^^^^^^^^^^^^^^^^^^^^^^^^^^^^^^^^^
  File "/scratch/hackathon-venv/lib/python3.12/site-packages/flwr/server/superlink/fleet/vce/backend/raybackend.py", line 189, in process_message
    raise ex
  File "/scratch/hackathon-venv/lib/python3.12/site-packages/flwr/server/superlink/fleet/vce/backend/raybackend.py", line 176, in process_message
    ) = self.pool.fetch_result_and_return_actor_to_pool(future)
        ^^^^^^^^^^^^^^^^^^^^^^^^^^^^^^^^^^^^^^^^^^^^^^^^^^^^^^^
  File "/scratch/hackathon-venv/lib/python3.12/site-packages/flwr/simulation/ray_transport/ray_actor.py", line 480, in fetch_result_and_return_actor_to_pool
    _, out_mssg, updated_context = ray.get(future)
                                   ^^^^^^^^^^^^^^^
  File "/scratch/hackathon-venv/lib/python3.12/site-packages/ray/_private/auto_init_hook.py", line 21, in auto_init_wrapper
    return fn(*args, **kwargs)
           ^^^^^^^^^^^^^^^^^^^
  File "/scratch/hackathon-venv/lib/python3.12/site-packages/ray/_private/client_mode_hook.py", line 103, in wrapper
    return func(*args, **kwargs)
           ^^^^^^^^^^^^^^^^^^^^^
  File "/scratch/hackathon-venv/lib/python3.12/site-packages/ray/_private/worker.py", line 2639, in get
    values, debugger_breakpoint = worker.get_objects(object_refs, timeout=timeout)
                                  ^^^^^^^^^^^^^^^^^^^^^^^^^^^^^^^^^^^^^^^^^^^^^^^^
  File "/scratch/hackathon-venv/lib/python3.12/site-packages/ray/_private/worker.py", line 864, in get_objects
    raise value.as_instanceof_cause()
ray.exceptions.RayTaskError(ClientAppException): [36mray::ClientAppActor.run()[39m (pid=1087604, ip=10.244.0.128, actor_id=0af489b8e3ea452ea5a7cda501000000, repr=<flwr.simulation.ray_transport.ray_actor.ClientAppActor object at 0x742af4799eb0>)
                  ^^^^^^^^^^^^^^^^^^^^^^^^^^^^^^^^^^^^^
  File "/scratch/hackathon-venv/lib/python3.12/site-packages/flwr/clientapp/client_app.py", line 161, in __call__
    return self._registered_funcs[full_name](message, context)
           ^^^^^^^^^^^^^^^^^^^^^^^^^^^^^^^^^^^^^^^^^^^^^^^^^^^
  File "/scratch/team04/228/repo/cold_start_hackathon/client_app.py", line 62, in evaluate
    valloader = load_data(dataset_name, "eval", image_size=image_size)
                ^^^^^^^^^^^^^^^^^^^^^^^^^^^^^^^^^^^^^^^^^^^^^^^^^^^^^^
  File "/scratch/team04/228/repo/cold_start_hackathon/task.py", line 87, in load_data
    full_dataset = load_from_disk(dataset_path)
                   ^^^^^^^^^^^^^^^^^^^^^^^^^^^^
  File "/scratch/hackathon-venv/lib/python3.12/site-packages/datasets/load.py", line 2216, in load_from_disk
    return DatasetDict.load_from_disk(dataset_path, keep_in_memory=keep_in_memory, storage_options=storage_options)
           ^^^^^^^^^^^^^^^^^^^^^^^^^^^^^^^^^^^^^^^^^^^^^^^^^^^^^^^^^^^^^^^^^^^^^^^^^^^^^^^^^^^^^^^^^^^^^^^^^^^^^^^^
  File "/scratch/hackathon-venv/lib/python3.12/site-packages/datasets/dataset_dict.py", line 1345, in load_from_disk
    dataset_dict[k] = Dataset.load_from_disk(
                      ^^^^^^^^^^^^^^^^^^^^^^^
  File "/scratch/hackathon-venv/lib/python3.12/site-packages/datasets/arrow_dataset.py", line 1687, in load_from_disk
    dataset_info = DatasetInfo.from_dict(json.load(dataset_info_file))
                   ^^^^^^^^^^^^^^^^^^^^^^^^^^^^^^^^^^^^^^^^^^^^^^^^^^^
  File "/scratch/hackathon-venv/lib/python3.12/site-packages/datasets/info.py", line 284, in from_dict
    return cls(**{k: v for k, v in dataset_info_dict.items() if k in field_names})
           ^^^^^^^^^^^^^^^^^^^^^^^^^^^^^^^^^^^^^^^^^^^^^^^^^^^^^^^^^^^^^^^^^^^^^^^
  File "<string>", line 20, in __init__
  File "/scratch/hackathon-venv/lib/python3.12/site-packages/datasets/info.py", line 170, in __post_init__
    self.features = Features.from_dict(self.features)
                    ^^^^^^^^^^^^^^^^^^^^^^^^^^^^^^^^^
  File "/scratch/hackathon-venv/lib/python3.12/site-packages/datasets/features/features.py", line 1832, in from_dict
    obj = generate_from_dict(dic)
          ^^^^^^^^^^^^^^^^^^^^^^^
  File "/scratch/hackathon-venv/lib/python3.12/site-packages/datasets/features/features.py", line 1458, in generate_from_dict
    return {key: generate_from_dict(value) for key, value in obj.items()}
                 ^^^^^^^^^^^^^^^^^^^^^^^^^
  File "/scratch/hackathon-venv/lib/python3.12/site-packages/datasets/features/features.py", line 1473, in generate_from_dict
    field_names = {f.name for f in fields(class_type)}
                                   ^^^^^^^^^^^^^^^^^^
  File "/usr/lib/python3.12/dataclasses.py", line 1282, in fields
    raise TypeError('must be called with a dataclass type or instance') from None
TypeError: must be called with a dataclass type or instance

The above exception was the direct cause of the following exception:

[36mray::ClientAppActor.run()[39m (pid=1087604, ip=10.244.0.128, actor_id=0af489b8e3ea452ea5a7cda501000000, repr=<flwr.simulation.ray_transport.ray_actor.ClientAppActor object at 0x742af4799eb0>)
           ^^^^^^^^^^^^^^^^^^^^^^^^^^^^^^^^^^^^
           ^^^^^^^^^^^^^^^^^^^^^^^^^^^^^^^
  File "/scratch/hackathon-venv/lib/python3.12/site-packages/flwr/simulation/ray_transport/ray_actor.py", line 64, in run
    raise ClientAppException(str(ex)) from ex
flwr.clientapp.client_app.ClientAppException: 
Exception ClientAppException occurred. Message: must be called with a dataclass type or instance

[91mERROR [0m:     An exception was raised when processing a message by RayBackend
[91mERROR [0m:     [36mray::ClientAppActor.run()[39m (pid=1087605, ip=10.244.0.128, actor_id=149ca8773a5c6fece2e9050901000000, repr=<flwr.simulation.ray_transport.ray_actor.ClientAppActor object at 0x7f4da43ab1a0>)
                  ^^^^^^^^^^^^^^^^^^^^^^^^^^^^^^^^^^^^^
  File "/scratch/hackathon-venv/lib/python3.12/site-packages/flwr/clientapp/client_app.py", line 161, in __call__
    return self._registered_funcs[full_name](message, context)
           ^^^^^^^^^^^^^^^^^^^^^^^^^^^^^^^^^^^^^^^^^^^^^^^^^^^
  File "/scratch/team04/228/repo/cold_start_hackathon/client_app.py", line 62, in evaluate
    valloader = load_data(dataset_name, "eval", image_size=image_size)
                ^^^^^^^^^^^^^^^^^^^^^^^^^^^^^^^^^^^^^^^^^^^^^^^^^^^^^^
  File "/scratch/team04/228/repo/cold_start_hackathon/task.py", line 87, in load_data
    full_dataset = load_from_disk(dataset_path)
                   ^^^^^^^^^^^^^^^^^^^^^^^^^^^^
  File "/scratch/hackathon-venv/lib/python3.12/site-packages/datasets/load.py", line 2216, in load_from_disk
    return DatasetDict.load_from_disk(dataset_path, keep_in_memory=keep_in_memory, storage_options=storage_options)
           ^^^^^^^^^^^^^^^^^^^^^^^^^^^^^^^^^^^^^^^^^^^^^^^^^^^^^^^^^^^^^^^^^^^^^^^^^^^^^^^^^^^^^^^^^^^^^^^^^^^^^^^^
  File "/scratch/hackathon-venv/lib/python3.12/site-packages/datasets/dataset_dict.py", line 1345, in load_from_disk
    dataset_dict[k] = Dataset.load_from_disk(
                      ^^^^^^^^^^^^^^^^^^^^^^^
  File "/scratch/hackathon-venv/lib/python3.12/site-packages/datasets/arrow_dataset.py", line 1687, in load_from_disk
    dataset_info = DatasetInfo.from_dict(json.load(dataset_info_file))
                   ^^^^^^^^^^^^^^^^^^^^^^^^^^^^^^^^^^^^^^^^^^^^^^^^^^^
  File "/scratch/hackathon-venv/lib/python3.12/site-packages/datasets/info.py", line 284, in from_dict
    return cls(**{k: v for k, v in dataset_info_dict.items() if k in field_names})
           ^^^^^^^^^^^^^^^^^^^^^^^^^^^^^^^^^^^^^^^^^^^^^^^^^^^^^^^^^^^^^^^^^^^^^^^
  File "<string>", line 20, in __init__
  File "/scratch/hackathon-venv/lib/python3.12/site-packages/datasets/info.py", line 170, in __post_init__
    self.features = Features.from_dict(self.features)
                    ^^^^^^^^^^^^^^^^^^^^^^^^^^^^^^^^^
  File "/scratch/hackathon-venv/lib/python3.12/site-packages/datasets/features/features.py", line 1832, in from_dict
    obj = generate_from_dict(dic)
          ^^^^^^^^^^^^^^^^^^^^^^^
  File "/scratch/hackathon-venv/lib/python3.12/site-packages/datasets/features/features.py", line 1458, in generate_from_dict
    return {key: generate_from_dict(value) for key, value in obj.items()}
                 ^^^^^^^^^^^^^^^^^^^^^^^^^
  File "/scratch/hackathon-venv/lib/python3.12/site-packages/datasets/features/features.py", line 1473, in generate_from_dict
    field_names = {f.name for f in fields(class_type)}
                                   ^^^^^^^^^^^^^^^^^^
  File "/usr/lib/python3.12/dataclasses.py", line 1282, in fields
    raise TypeError('must be called with a dataclass type or instance') from None
TypeError: must be called with a dataclass type or instance

The above exception was the direct cause of the following exception:

[36mray::ClientAppActor.run()[39m (pid=1087605, ip=10.244.0.128, actor_id=149ca8773a5c6fece2e9050901000000, repr=<flwr.simulation.ray_transport.ray_actor.ClientAppActor object at 0x7f4da43ab1a0>)
           ^^^^^^^^^^^^^^^^^^^^^^^^^^^^^^^^^^^^
           ^^^^^^^^^^^^^^^^^^^^^^^^^^^^^^^
  File "/scratch/hackathon-venv/lib/python3.12/site-packages/flwr/simulation/ray_transport/ray_actor.py", line 64, in run
    raise ClientAppException(str(ex)) from ex
flwr.clientapp.client_app.ClientAppException: 
Exception ClientAppException occurred. Message: must be called with a dataclass type or instance
[91mERROR [0m:     Traceback (most recent call last):
  File "/scratch/hackathon-venv/lib/python3.12/site-packages/flwr/server/superlink/fleet/vce/vce_api.py", line 124, in worker
    out_mssg, updated_context = backend.process_message(message, context)
                                ^^^^^^^^^^^^^^^^^^^^^^^^^^^^^^^^^^^^^^^^^
  File "/scratch/hackathon-venv/lib/python3.12/site-packages/flwr/server/superlink/fleet/vce/backend/raybackend.py", line 189, in process_message
    raise ex
  File "/scratch/hackathon-venv/lib/python3.12/site-packages/flwr/server/superlink/fleet/vce/backend/raybackend.py", line 176, in process_message
    ) = self.pool.fetch_result_and_return_actor_to_pool(future)
        ^^^^^^^^^^^^^^^^^^^^^^^^^^^^^^^^^^^^^^^^^^^^^^^^^^^^^^^
  File "/scratch/hackathon-venv/lib/python3.12/site-packages/flwr/simulation/ray_transport/ray_actor.py", line 480, in fetch_result_and_return_actor_to_pool
    _, out_mssg, updated_context = ray.get(future)
                                   ^^^^^^^^^^^^^^^
  File "/scratch/hackathon-venv/lib/python3.12/site-packages/ray/_private/auto_init_hook.py", line 21, in auto_init_wrapper
    return fn(*args, **kwargs)
           ^^^^^^^^^^^^^^^^^^^
  File "/scratch/hackathon-venv/lib/python3.12/site-packages/ray/_private/client_mode_hook.py", line 103, in wrapper
    return func(*args, **kwargs)
           ^^^^^^^^^^^^^^^^^^^^^
  File "/scratch/hackathon-venv/lib/python3.12/site-packages/ray/_private/worker.py", line 2639, in get
    values, debugger_breakpoint = worker.get_objects(object_refs, timeout=timeout)
                                  ^^^^^^^^^^^^^^^^^^^^^^^^^^^^^^^^^^^^^^^^^^^^^^^^
  File "/scratch/hackathon-venv/lib/python3.12/site-packages/ray/_private/worker.py", line 864, in get_objects
    raise value.as_instanceof_cause()
ray.exceptions.RayTaskError(ClientAppException): [36mray::ClientAppActor.run()[39m (pid=1087605, ip=10.244.0.128, actor_id=149ca8773a5c6fece2e9050901000000, repr=<flwr.simulation.ray_transport.ray_actor.ClientAppActor object at 0x7f4da43ab1a0>)
                  ^^^^^^^^^^^^^^^^^^^^^^^^^^^^^^^^^^^^^
  File "/scratch/hackathon-venv/lib/python3.12/site-packages/flwr/clientapp/client_app.py", line 161, in __call__
    return self._registered_funcs[full_name](message, context)
           ^^^^^^^^^^^^^^^^^^^^^^^^^^^^^^^^^^^^^^^^^^^^^^^^^^^
  File "/scratch/team04/228/repo/cold_start_hackathon/client_app.py", line 62, in evaluate
    valloader = load_data(dataset_name, "eval", image_size=image_size)
                ^^^^^^^^^^^^^^^^^^^^^^^^^^^^^^^^^^^^^^^^^^^^^^^^^^^^^^
  File "/scratch/team04/228/repo/cold_start_hackathon/task.py", line 87, in load_data
    full_dataset = load_from_disk(dataset_path)
                   ^^^^^^^^^^^^^^^^^^^^^^^^^^^^
  File "/scratch/hackathon-venv/lib/python3.12/site-packages/datasets/load.py", line 2216, in load_from_disk
    return DatasetDict.load_from_disk(dataset_path, keep_in_memory=keep_in_memory, storage_options=storage_options)
           ^^^^^^^^^^^^^^^^^^^^^^^^^^^^^^^^^^^^^^^^^^^^^^^^^^^^^^^^^^^^^^^^^^^^^^^^^^^^^^^^^^^^^^^^^^^^^^^^^^^^^^^^
  File "/scratch/hackathon-venv/lib/python3.12/site-packages/datasets/dataset_dict.py", line 1345, in load_from_disk
    dataset_dict[k] = Dataset.load_from_disk(
                      ^^^^^^^^^^^^^^^^^^^^^^^
  File "/scratch/hackathon-venv/lib/python3.12/site-packages/datasets/arrow_dataset.py", line 1687, in load_from_disk
    dataset_info = DatasetInfo.from_dict(json.load(dataset_info_file))
                   ^^^^^^^^^^^^^^^^^^^^^^^^^^^^^^^^^^^^^^^^^^^^^^^^^^^
  File "/scratch/hackathon-venv/lib/python3.12/site-packages/datasets/info.py", line 284, in from_dict
    return cls(**{k: v for k, v in dataset_info_dict.items() if k in field_names})
           ^^^^^^^^^^^^^^^^^^^^^^^^^^^^^^^^^^^^^^^^^^^^^^^^^^^^^^^^^^^^^^^^^^^^^^^
  File "<string>", line 20, in __init__
  File "/scratch/hackathon-venv/lib/python3.12/site-packages/datasets/info.py", line 170, in __post_init__
    self.features = Features.from_dict(self.features)
                    ^^^^^^^^^^^^^^^^^^^^^^^^^^^^^^^^^
  File "/scratch/hackathon-venv/lib/python3.12/site-packages/datasets/features/features.py", line 1832, in from_dict
    obj = generate_from_dict(dic)
          ^^^^^^^^^^^^^^^^^^^^^^^
  File "/scratch/hackathon-venv/lib/python3.12/site-packages/datasets/features/features.py", line 1458, in generate_from_dict
    return {key: generate_from_dict(value) for key, value in obj.items()}
                 ^^^^^^^^^^^^^^^^^^^^^^^^^
  File "/scratch/hackathon-venv/lib/python3.12/site-packages/datasets/features/features.py", line 1473, in generate_from_dict
    field_names = {f.name for f in fields(class_type)}
                                   ^^^^^^^^^^^^^^^^^^
  File "/usr/lib/python3.12/dataclasses.py", line 1282, in fields
    raise TypeError('must be called with a dataclass type or instance') from None
TypeError: must be called with a dataclass type or instance

The above exception was the direct cause of the following exception:

[36mray::ClientAppActor.run()[39m (pid=1087605, ip=10.244.0.128, actor_id=149ca8773a5c6fece2e9050901000000, repr=<flwr.simulation.ray_transport.ray_actor.ClientAppActor object at 0x7f4da43ab1a0>)
           ^^^^^^^^^^^^^^^^^^^^^^^^^^^^^^^^^^^^
           ^^^^^^^^^^^^^^^^^^^^^^^^^^^^^^^
  File "/scratch/hackathon-venv/lib/python3.12/site-packages/flwr/simulation/ray_transport/ray_actor.py", line 64, in run
    raise ClientAppException(str(ex)) from ex
flwr.clientapp.client_app.ClientAppException: 
Exception ClientAppException occurred. Message: must be called with a dataclass type or instance

[91mERROR [0m:     ServerApp thread raised an exception: Message content is None. Use <message>.has_content() to check if a message has content.
[91mERROR [0m:     Traceback (most recent call last):
  File "/scratch/hackathon-venv/lib/python3.12/site-packages/flwr/simulation/run_simulation.py", line 284, in server_th_with_start_checks
    updated_context = _run(
                      ^^^^^
  File "/scratch/hackathon-venv/lib/python3.12/site-packages/flwr/server/run_serverapp.py", line 62, in run
    server_app(grid=grid, context=context)
  File "/scratch/hackathon-venv/lib/python3.12/site-packages/flwr/server/server_app.py", line 176, in __call__
    self._main(grid, context)
  File "/scratch/team04/228/repo/cold_start_hackathon/server_app.py", line 67, in main
    result = strategy.start(
             ^^^^^^^^^^^^^^^
  File "/scratch/hackathon-venv/lib/python3.12/site-packages/flwr/serverapp/strategy/strategy.py", line 254, in start
    agg_evaluate_metrics = self.aggregate_evaluate(
                           ^^^^^^^^^^^^^^^^^^^^^^^^
  File "/scratch/team04/228/repo/cold_start_hackathon/server_app.py", line 95, in aggregate_evaluate
    agg_metrics = compute_aggregated_metrics(replies)
                  ^^^^^^^^^^^^^^^^^^^^^^^^^^^^^^^^^^^
  File "/scratch/team04/228/repo/cold_start_hackathon/util.py", line 40, in compute_aggregated_metrics
    all_probs = [p for r in replies for p in r.content["metrics"]["probs"]]
                                             ^^^^^^^^^
  File "/scratch/hackathon-venv/lib/python3.12/site-packages/flwr/common/message.py", line 236, in content
    raise ValueError(
ValueError: Message content is None. Use <message>.has_content() to check if a message has content.

Exception in thread Thread-1 (server_th_with_start_checks):
Traceback (most recent call last):
  File "/usr/lib/python3.12/threading.py", line 1073, in _bootstrap_inner
    self.run()
  File "/usr/lib/python3.12/threading.py", line 1010, in run
    self._target(*self._args, **self._kwargs)
  File "/scratch/hackathon-venv/lib/python3.12/site-packages/flwr/simulation/run_simulation.py", line 284, in server_th_with_start_checks
    updated_context = _run(
                      ^^^^^
  File "/scratch/hackathon-venv/lib/python3.12/site-packages/flwr/server/run_serverapp.py", line 62, in run
    server_app(grid=grid, context=context)
  File "/scratch/hackathon-venv/lib/python3.12/site-packages/flwr/server/server_app.py", line 176, in __call__
    self._main(grid, context)
  File "/scratch/team04/228/repo/cold_start_hackathon/server_app.py", line 67, in main
    result = strategy.start(
             ^^^^^^^^^^^^^^^
  File "/scratch/hackathon-venv/lib/python3.12/site-packages/flwr/serverapp/strategy/strategy.py", line 254, in start
    agg_evaluate_metrics = self.aggregate_evaluate(
                           ^^^^^^^^^^^^^^^^^^^^^^^^
  File "/scratch/team04/228/repo/cold_start_hackathon/server_app.py", line 95, in aggregate_evaluate
    agg_metrics = compute_aggregated_metrics(replies)
                  ^^^^^^^^^^^^^^^^^^^^^^^^^^^^^^^^^^^
  File "/scratch/team04/228/repo/cold_start_hackathon/util.py", line 40, in compute_aggregated_metrics
    all_probs = [p for r in replies for p in r.content["metrics"]["probs"]]
                                             ^^^^^^^^^
  File "/scratch/hackathon-venv/lib/python3.12/site-packages/flwr/common/message.py", line 236, in content
    raise ValueError(
ValueError: Message content is None. Use <message>.has_content() to check if a message has content.
[36m(ClientAppActor pid=1087605)[0m Training on device: cuda:0
[36m(ClientAppActor pid=1087604)[0m Training on device: cuda:0[32m [repeated 2x across cluster] (Ray deduplicates logs by default. Set RAY_DEDUP_LOGS=0 to disable log deduplication, or see https://docs.ray.io/en/master/ray-observability/user-guides/configure-logging.html#log-deduplication for more options.)[0m
Traceback (most recent call last):
  File "/scratch/hackathon-venv/bin/flower-simulation", line 8, in <module>
    sys.exit(run_simulation_from_cli())
             ^^^^^^^^^^^^^^^^^^^^^^^^^
  File "/scratch/hackathon-venv/lib/python3.12/site-packages/flwr/simulation/run_simulation.py", line 156, in run_simulation_from_cli
    _ = _run_simulation(
        ^^^^^^^^^^^^^^^^
  File "/scratch/hackathon-venv/lib/python3.12/site-packages/flwr/simulation/run_simulation.py", line 523, in _run_simulation
    updated_context = _main_loop(*args)
                      ^^^^^^^^^^^^^^^^^
  File "/scratch/hackathon-venv/lib/python3.12/site-packages/flwr/simulation/run_simulation.py", line 421, in _main_loop
    raise RuntimeError("Exception in ServerApp thread")
RuntimeError: Exception in ServerApp thread
Command '['flower-simulation', '--app', '.', '--num-supernodes', '3', '--backend-config', '{"client-resources": {"num-cpus": 2, "num-gpus": 0.33}}']' returned non-zero exit status 1.
=== Copying best model ===
=== Job 228 finished with exit code 0 ===
